app/build/intermediates/manifest_merge_blame_file/debug/manifest-merger-blame-debug-report.txt
1<?xml version="1.0" encoding="utf-8"?>
2<manifest xmlns:android="http://schemas.android.com/apk/res/android"
3    package="ru.pdr.currencyconverterkartyshova"
4    android:versionCode="1"
5    android:versionName="1.0" >
6
7    <uses-sdk
8        android:minSdkVersion="24"
8-->src\main\AndroidManifest.xml
9        android:targetSdkVersion="31" />
9-->src\main\AndroidManifest.xml
10
11    <uses-permission android:name="android.permission.INTERNET" />
11-->src\main\AndroidManifest.xml:5:5-67
11-->src\main\AndroidManifest.xml:5:22-64
12
13    <application
13-->src\main\AndroidManifest.xml:7:5-27:19
14        android:allowBackup="true"
14-->src\main\AndroidManifest.xml:8:9-35
15        android:appComponentFactory="androidx.core.app.CoreComponentFactory"
15-->[androidx.core:core:1.7.0] AndroidManifest.xml:24:18-86
16        android:debuggable="true"
17        android:extractNativeLibs="false"
18        android:icon="@mipmap/ic_launcher"
18-->src\main\AndroidManifest.xml:9:9-43
19        android:label="@string/app_name"
19-->src\main\AndroidManifest.xml:10:9-41
20        android:roundIcon="@mipmap/ic_launcher_round"
20-->src\main\AndroidManifest.xml:11:9-54
21        android:supportsRtl="true"
21-->src\main\AndroidManifest.xml:12:9-35
22        android:testOnly="true"
23        android:theme="@style/AppTheme" >
23-->src\main\AndroidManifest.xml:13:9-40
24        <activity
24-->src\main\AndroidManifest.xml:14:9-16:39
25            android:name="ru.pdr.currencyconverterkartyshova.MainActivity"
25-->src\main\AndroidManifest.xml:15:13-41
26            android:exported="true" />
26-->src\main\AndroidManifest.xml:16:13-36
27        <activity
27-->src\main\AndroidManifest.xml:17:9-26:20
28            android:name="ru.pdr.currencyconverterkartyshova.StartActivity"
28-->src\main\AndroidManifest.xml:18:13-42
29            android:exported="true"
29-->src\main\AndroidManifest.xml:19:13-36
30            android:theme="@style/AppTheme.Launcher" >
30-->src\main\AndroidManifest.xml:20:13-53
31            <intent-filter>
31-->src\main\AndroidManifest.xml:21:13-25:29
32                <action android:name="android.intent.action.MAIN" />
32-->src\main\AndroidManifest.xml:22:17-69
32-->src\main\AndroidManifest.xml:22:25-66
33
34                <category android:name="android.intent.category.LAUNCHER" />
34-->src\main\AndroidManifest.xml:24:17-77
34-->src\main\AndroidManifest.xml:24:27-74
35            </intent-filter>
36        </activity>
37
38        <uses-library
38-->[androidx.window:window:1.0.0] AndroidManifest.xml:25:9-27:40
39            android:name="androidx.window.extensions"
39-->[androidx.window:window:1.0.0] AndroidManifest.xml:26:13-54
40            android:required="false" />
40-->[androidx.window:window:1.0.0] AndroidManifest.xml:27:13-37
41        <uses-library
41-->[androidx.window:window:1.0.0] AndroidManifest.xml:28:9-30:40
42            android:name="androidx.window.sidecar"
42-->[androidx.window:window:1.0.0] AndroidManifest.xml:29:13-51
43            android:required="false" />
43-->[androidx.window:window:1.0.0] AndroidManifest.xml:30:13-37
44
45        <provider
45-->[androidx.emoji2:emoji2:1.0.0] AndroidManifest.xml:26:9-34:20
46            android:name="androidx.startup.InitializationProvider"
46-->[androidx.emoji2:emoji2:1.0.0] AndroidManifest.xml:27:13-67
47            android:authorities="ru.pdr.currencyconverterkartyshova.androidx-startup"
47-->[androidx.emoji2:emoji2:1.0.0] AndroidManifest.xml:28:13-68
48            android:exported="false" >
48-->[androidx.emoji2:emoji2:1.0.0] AndroidManifest.xml:29:13-37
49            <meta-data
49-->[androidx.emoji2:emoji2:1.0.0] AndroidManifest.xml:31:13-33:52
50                android:name="androidx.emoji2.text.EmojiCompatInitializer"
50-->[androidx.emoji2:emoji2:1.0.0] AndroidManifest.xml:32:17-75
51                android:value="androidx.startup" />
51-->[androidx.emoji2:emoji2:1.0.0] AndroidManifest.xml:33:17-49
52            <meta-data
52-->[androidx.lifecycle:lifecycle-process:2.4.0] AndroidManifest.xml:31:13-33:52
53                android:name="androidx.lifecycle.ProcessLifecycleInitializer"
53-->[androidx.lifecycle:lifecycle-process:2.4.0] AndroidManifest.xml:32:17-78
54                android:value="androidx.startup" />
54-->[androidx.lifecycle:lifecycle-process:2.4.0] AndroidManifest.xml:33:17-49
55        </provider>
56    </application>
57
58</manifest>